<?xml version="1.0" encoding="UTF-8"?>
<!-- Generated by org.testng.reporters.JUnitReportReporter -->
<testsuite hostname="DESKTOP-MPC5MTV" failures="0" tests="1" name="com.hrms.testscripts.Testing_033_LoginLogout" time="6.096" errors="0" timestamp="22 Jun 2022 14:29:03 GMT">
  <testcase classname="com.hrms.testscripts.Testing_033_LoginLogout" name="loginout" time="6.096"/>
</testsuite> <!-- com.hrms.testscripts.Testing_033_LoginLogout -->
