<?xml version="1.0" encoding="UTF-8"?>
<!-- Generated by org.testng.reporters.JUnitReportReporter -->
<testsuite hostname="DESKTOP-MPC5MTV" failures="0" tests="1" name="com.hrms.testscripts.Testing_036_DelEmployee" time="6.133" errors="0" timestamp="22 Jun 2022 14:29:03 GMT">
  <testcase classname="com.hrms.testscripts.Testing_036_DelEmployee" name="delemp" time="6.133"/>
</testsuite> <!-- com.hrms.testscripts.Testing_036_DelEmployee -->
