<?xml version="1.0" encoding="UTF-8"?>
<!-- Generated by org.testng.reporters.JUnitReportReporter -->
<testsuite hostname="DESKTOP-MPC5MTV" failures="0" tests="1" name="com.hrms.testscripts.Testing_035_EditEmployee" time="7.298" errors="0" timestamp="22 Jun 2022 14:29:03 GMT">
  <testcase classname="com.hrms.testscripts.Testing_035_EditEmployee" name="editemp" time="7.298"/>
</testsuite> <!-- com.hrms.testscripts.Testing_035_EditEmployee -->
