<?xml version="1.0" encoding="UTF-8"?>
<!-- Generated by org.testng.reporters.JUnitReportReporter -->
<testsuite hostname="DESKTOP-MPC5MTV" failures="0" tests="1" name="com.hrms.testscripts.Testing_034_AddEmployee" time="6.060" errors="0" timestamp="22 Jun 2022 14:29:03 GMT">
  <testcase classname="com.hrms.testscripts.Testing_034_AddEmployee" name="addemp" time="6.060"/>
</testsuite> <!-- com.hrms.testscripts.Testing_034_AddEmployee -->
